<?xml version="1.0" encoding="UTF-8"?>
<!-- Generated by org.testng.reporters.JUnitXMLReporter -->
<testsuite ignored="0" hostname="DESKTOP-GTEVLCQ" failures="0" tests="2" name="Default test" time="12.259" errors="0" timestamp="2023-04-13T21:43:29 IST">
  <testcase classname="PreInterview.WebPage.tests.HomePageTest" name="searchText" time="2.634"/>
  <testcase classname="PreInterview.WebPage.tests.HomePageTest" name="verifyUserIsOnHomePage" time="0.006"/>
</testsuite> <!-- Default test -->
